<?xml version="1.0" encoding="UTF-8"?>
<testng-results ignored="0" total="2" passed="2" failed="0" skipped="0">
  <reporter-output>
    <line>
      <![CDATA[MQRvt]]>
    </line>
    <line>
      <![CDATA[UEzFI]]>
    </line>
    <line>
      <![CDATA[MXyhs]]>
    </line>
    <line>
      <![CDATA[2680014843]]>
    </line>
    <line>
      <![CDATA[xTT@567]]>
    </line>
  </reporter-output>
  <suite started-at="2024-10-16T00:33:51 IST" name="Master" finished-at="2024-10-16T00:34:01 IST" duration-ms="9357">
    <groups>
      <group name="Master">
        <method signature="TC001_AccountRegistrationTest.verify_account_registration()[pri:0, instance:testCases.TC001_AccountRegistrationTest@24d09c1]" name="verify_account_registration" class="testCases.TC001_AccountRegistrationTest"/>
        <method signature="TC002_LoginTest.verify_Login()[pri:0, instance:testCases.TC002_LoginTest@5911e990]" name="verify_Login" class="testCases.TC002_LoginTest"/>
      </group> <!-- Master -->
      <group name="Sanity">
        <method signature="TC002_LoginTest.verify_Login()[pri:0, instance:testCases.TC002_LoginTest@5911e990]" name="verify_Login" class="testCases.TC002_LoginTest"/>
      </group> <!-- Sanity -->
      <group name="Regression">
        <method signature="TC001_AccountRegistrationTest.verify_account_registration()[pri:0, instance:testCases.TC001_AccountRegistrationTest@24d09c1]" name="verify_account_registration" class="testCases.TC001_AccountRegistrationTest"/>
      </group> <!-- Regression -->
    </groups>
    <test started-at="2024-10-16T00:33:51 IST" name="Test" finished-at="2024-10-16T00:34:01 IST" duration-ms="9357">
      <class name="testCases.TC002_LoginTest">
        <test-method is-config="true" signature="setup(java.lang.String,java.lang.String)[pri:0, instance:testCases.TC002_LoginTest@5911e990]" started-at="2024-10-16T00:33:51 IST" name="setup" finished-at="2024-10-16T00:33:54 IST" duration-ms="2857" status="PASS">
          <params>
            <param index="0">
              <value>
                <![CDATA[windows]]>
              </value>
            </param>
            <param index="1">
              <value>
                <![CDATA[chrome]]>
              </value>
            </param>
          </params>
          <reporter-output>
          </reporter-output>
        </test-method> <!-- setup -->
        <test-method signature="verify_Login()[pri:0, instance:testCases.TC002_LoginTest@5911e990]" started-at="2024-10-16T00:33:54 IST" name="verify_Login" finished-at="2024-10-16T00:33:56 IST" duration-ms="1395" status="PASS">
          <reporter-output>
          </reporter-output>
        </test-method> <!-- verify_Login -->
        <test-method is-config="true" signature="teraDown()[pri:0, instance:testCases.TC002_LoginTest@5911e990]" started-at="2024-10-16T00:33:56 IST" name="teraDown" finished-at="2024-10-16T00:33:56 IST" duration-ms="236" status="PASS">
          <reporter-output>
          </reporter-output>
        </test-method> <!-- teraDown -->
      </class> <!-- testCases.TC002_LoginTest -->
      <class name="testCases.TC001_AccountRegistrationTest">
        <test-method is-config="true" signature="setup(java.lang.String,java.lang.String)[pri:0, instance:testCases.TC001_AccountRegistrationTest@24d09c1]" started-at="2024-10-16T00:33:56 IST" name="setup" finished-at="2024-10-16T00:33:58 IST" duration-ms="1904" status="PASS">
          <params>
            <param index="0">
              <value>
                <![CDATA[windows]]>
              </value>
            </param>
            <param index="1">
              <value>
                <![CDATA[chrome]]>
              </value>
            </param>
          </params>
          <reporter-output>
          </reporter-output>
        </test-method> <!-- setup -->
        <test-method signature="verify_account_registration()[pri:0, instance:testCases.TC001_AccountRegistrationTest@24d09c1]" started-at="2024-10-16T00:33:58 IST" name="verify_account_registration" finished-at="2024-10-16T00:34:00 IST" duration-ms="1903" status="PASS">
          <reporter-output>
            <line>
              <![CDATA[MQRvt]]>
            </line>
            <line>
              <![CDATA[UEzFI]]>
            </line>
            <line>
              <![CDATA[MXyhs]]>
            </line>
            <line>
              <![CDATA[2680014843]]>
            </line>
            <line>
              <![CDATA[xTT@567]]>
            </line>
          </reporter-output>
        </test-method> <!-- verify_account_registration -->
        <test-method is-config="true" signature="teraDown()[pri:0, instance:testCases.TC001_AccountRegistrationTest@24d09c1]" started-at="2024-10-16T00:34:00 IST" name="teraDown" finished-at="2024-10-16T00:34:01 IST" duration-ms="827" status="PASS">
          <reporter-output>
          </reporter-output>
        </test-method> <!-- teraDown -->
      </class> <!-- testCases.TC001_AccountRegistrationTest -->
    </test> <!-- Test -->
  </suite> <!-- Master -->
</testng-results>
